<?xml version="1.0" encoding="UTF-8"?>
<testng-results ignored="0" total="1" passed="1" failed="0" skipped="0">
  <reporter-output>
  </reporter-output>
  <suite started-at="2023-11-02T11:15:47 IST" name="Default suite" finished-at="2023-11-02T11:15:59 IST" duration-ms="11667">
    <groups>
    </groups>
    <test started-at="2023-11-02T11:15:47 IST" name="Default test" finished-at="2023-11-02T11:15:59 IST" duration-ms="11667">
      <class name="Testcases.Testcases">
        <test-method is-config="true" signature="Aobjects()[pri:0, instance:Testcases.Testcases@2d901eb0]" started-at="2023-11-02T11:15:47 IST" name="Aobjects" finished-at="2023-11-02T11:15:49 IST" duration-ms="1607" status="PASS">
          <reporter-output>
          </reporter-output>
        </test-method> <!-- Aobjects -->
        <test-method signature="BLoginPage()[pri:0, instance:Testcases.Testcases@2d901eb0]" started-at="2023-11-02T11:15:49 IST" name="BLoginPage" finished-at="2023-11-02T11:15:58 IST" duration-ms="9948" status="PASS">
          <reporter-output>
          </reporter-output>
        </test-method> <!-- BLoginPage -->
      </class> <!-- Testcases.Testcases -->
    </test> <!-- Default test -->
  </suite> <!-- Default suite -->
</testng-results>
